[Wed Jul 21 17:30:28.700 2010] 0.021 sec [all/1/rel 1 (0,20)] [*] Bisha
[Wed Jul 21 17:30:37.646 2010] 0.000 sec [all/1/rel 3 (0,20)] [*] Hi
[Wed Jul 21 18:34:47.535 2010] 0.001 sec [all/1/rel 0 (0,20)] [*] te
[Wed Jul 21 18:35:53.883 2010] 0.001 sec [all/1/rel 0 (0,20)] [*] b
[Wed Jul 21 18:35:54.214 2010] 0.000 sec [all/1/rel 0 (0,20)] [*] bi
[Wed Jul 21 18:35:54.617 2010] 0.000 sec [all/1/rel 0 (0,20)] [*] b
[Wed Jul 21 18:35:54.833 2010] 0.000 sec [all/1/rel 0 (0,20)] [*] bi
[Wed Jul 21 18:35:55.128 2010] 0.000 sec [all/1/rel 0 (0,20)] [*] bis
[Wed Jul 21 18:35:55.433 2010] 0.000 sec [all/1/rel 0 (0,20)] [*] bish
[Wed Jul 21 18:35:57.154 2010] 0.000 sec [all/1/rel 1 (0,20)] [*] bisha
[Wed Jul 21 18:36:10.147 2010] 0.000 sec [all/1/rel 1 (0,20)] [*] bisha
[Wed Jul 21 18:36:14.086 2010] 0.001 sec [all/1/rel 0 (0,20)] [*] h
[Wed Jul 21 18:36:14.386 2010] 0.000 sec [all/1/rel 3 (0,20)] [*] hi
[Wed Jul 21 18:46:48.728 2010] 0.000 sec [all/1/rel 0 (0,20)] [*] h
[Wed Jul 21 18:46:49.003 2010] 0.000 sec [all/1/rel 3 (0,20)] [*] hi
[Wed Jul 21 18:49:31.333 2010] 0.000 sec [all/1/rel 0 (0,20)] [*] h
[Wed Jul 21 18:49:33.992 2010] 0.000 sec [all/1/rel 3 (0,20)] [*] hi
[Wed Jul 21 19:00:00.785 2010] 0.000 sec [scan/2/rel 0 (0,20)] [property_core]
[Wed Jul 21 19:00:47.826 2010] 0.000 sec [scan/2/rel 0 (0,20)] [property_core]
[Wed Jul 21 19:01:37.993 2010] 0.000 sec [scan/2/rel 0 (0,20)] [property_core]
[Wed Jul 21 19:06:19.583 2010] 0.000 sec [all/1/rel 0 (0,20)] [*] H
[Wed Jul 21 19:06:19.851 2010] 0.000 sec [all/1/rel 3 (0,20)] [*] Hi
[Wed Jul 21 19:06:20.723 2010] 0.000 sec [all/1/rel 0 (0,20)] [*] H
[Wed Jul 21 19:06:38.792 2010] 0.000 sec [all/1/rel 3 (0,20)] [*] Hi
[Wed Jul 21 19:07:36.733 2010] 0.001 sec [all/1/rel 0 (0,20)] [*] h
[Wed Jul 21 19:07:37.204 2010] 0.001 sec [all/1/rel 6 (0,20)] [*] hi
[Wed Jul 21 19:13:13.435 2010] 0.000 sec [all/1/rel 0 (0,20)] [*] h
[Wed Jul 21 19:13:22.589 2010] 0.000 sec [all/1/rel 0 (0,20)] [*] h
[Wed Jul 21 19:13:26.060 2010] 0.000 sec [all/1/rel 6 (0,20)] [*] hi
[Wed Jul 21 19:17:50.240 2010] 0.000 sec [all/1/rel 0 (0,20)] [*] h
[Wed Jul 21 19:17:50.733 2010] 0.000 sec [all/1/rel 6 (0,20)] [*] hi
[Wed Jul 21 19:18:33.406 2010] 0.000 sec [all/1/rel 0 (0,20)] [*] h
[Wed Jul 21 19:18:33.891 2010] 0.000 sec [all/1/rel 6 (0,20)] [*] hi
[Wed Jul 21 19:18:34.303 2010] 0.000 sec [all/1/rel 6 (0,20)] [*] hi
[Wed Jul 21 19:20:32.411 2010] 0.000 sec [all/1/rel 0 (0,20)] [*] h
[Wed Jul 21 19:20:33.012 2010] 0.000 sec [all/1/rel 6 (0,20)] [*] hi
[Wed Jul 21 19:26:40.245 2010] 0.000 sec [all/1/rel 0 (0,20)] [*] h
[Wed Jul 21 19:26:41.614 2010] 0.000 sec [all/1/rel 0 (0,20)] [*] h
[Wed Jul 21 19:26:42.890 2010] 0.000 sec [all/1/rel 6 (0,20)] [*] hi
[Wed Jul 21 19:27:35.755 2010] 0.000 sec [all/1/rel 0 (0,20)] [*] h
[Wed Jul 21 19:27:41.655 2010] 0.001 sec [all/1/rel 0 (0,20)] [*] h
[Wed Jul 21 19:27:42.046 2010] 0.000 sec [all/1/rel 6 (0,20)] [*] hi
[Wed Jul 21 19:28:23.641 2010] 0.000 sec [all/1/rel 6 (0,20)] [*] hi
[Wed Jul 21 19:28:27.125 2010] 0.001 sec [all/1/rel 6 (0,20)] [*] hi
[Wed Jul 21 19:28:33.332 2010] 0.000 sec [all/1/rel 6 (0,20)] [*] hi
[Wed Jul 21 19:28:36.559 2010] 0.000 sec [all/1/rel 6 (0,20)] [*] hi
[Wed Jul 21 19:28:42.740 2010] 0.000 sec [all/1/rel 6 (0,20)] [*] hi
[Wed Jul 21 19:28:44.317 2010] 0.000 sec [all/1/rel 6 (0,20)] [*] hi
[Wed Jul 21 19:28:49.046 2010] 0.001 sec [all/1/rel 6 (0,20)] [*] hi
[Wed Jul 21 19:29:40.301 2010] 0.000 sec [all/1/rel 6 (0,20)] [*] hi
[Wed Jul 21 19:30:36.408 2010] 0.000 sec [all/1/rel 0 (0,20)] [*] h
[Wed Jul 21 19:30:37.033 2010] 0.000 sec [all/1/rel 6 (0,20)] [*] hi
[Wed Jul 21 19:32:05.678 2010] 0.000 sec [all/1/rel 0 (0,20)] [*] h
[Wed Jul 21 19:32:06.304 2010] 0.001 sec [all/1/rel 6 (0,20)] [*] hi
[Wed Jul 21 19:33:38.613 2010] 0.000 sec [all/1/rel 0 (0,20)] [*] h
[Wed Jul 21 19:33:39.262 2010] 0.000 sec [all/1/rel 6 (0,20)] [*] hi
[Thu Jul 22 10:05:49.999 2010] 0.013 sec [all/1/rel 0 (0,20)] [*] h
[Thu Jul 22 10:05:51.601 2010] 0.000 sec [all/1/rel 0 (0,20)] [*] h
[Thu Jul 22 10:05:51.794 2010] 0.007 sec [all/1/rel 6 (0,20)] [*] hi
[Thu Jul 22 10:07:33.638 2010] 0.000 sec [all/1/rel 0 (0,20)] [*] h
[Thu Jul 22 10:07:33.912 2010] 0.000 sec [all/1/rel 6 (0,20)] [*] hi
[Thu Jul 22 10:10:57.535 2010] 0.000 sec [all/1/rel 0 (0,20)] [*] h
[Thu Jul 22 10:10:57.880 2010] 0.000 sec [all/1/rel 6 (0,20)] [*] hi
[Thu Jul 22 10:16:56.692 2010] 0.001 sec [all/1/rel 6 (0,20)] [*] hi
[Thu Jul 22 10:17:43.072 2010] 0.000 sec [all/1/rel 6 (0,20)] [*] hi
[Thu Jul 22 10:17:54.800 2010] 0.000 sec [all/1/rel 6 (0,20)] [*] hi
[Thu Jul 22 10:17:56.175 2010] 0.000 sec [all/1/rel 6 (0,20)] [*] hi
[Thu Jul 22 10:26:55.891 2010] 0.000 sec [all/1/rel 0 (0,20)] [*] h
[Thu Jul 22 10:26:56.256 2010] 0.000 sec [all/1/rel 6 (0,20)] [*] hi
[Thu Jul 22 10:27:03.833 2010] 0.000 sec [all/1/rel 6 (0,20)] [*] hi
[Thu Jul 22 10:27:35.437 2010] 0.000 sec [all/1/rel 0 (0,20)] [*] h
[Thu Jul 22 10:27:35.719 2010] 0.000 sec [all/1/rel 6 (0,20)] [*] hi
[Thu Jul 22 10:27:44.030 2010] 0.000 sec [all/1/rel 6 (0,20)] [*] hi
[Thu Jul 22 10:28:37.949 2010] 0.000 sec [all/1/rel 0 (0,20)] [*] h
[Thu Jul 22 10:28:39.431 2010] 0.000 sec [all/1/rel 0 (0,20)] [*] b
[Thu Jul 22 10:28:39.738 2010] 0.000 sec [all/1/rel 0 (0,20)] [*] bi
[Thu Jul 22 10:28:40.034 2010] 0.000 sec [all/1/rel 0 (0,20)] [*] b
[Thu Jul 22 10:28:40.357 2010] 0.000 sec [all/1/rel 0 (0,20)] [*] bid
[Thu Jul 22 10:28:40.554 2010] 0.000 sec [all/1/rel 0 (0,20)] [*] bi
[Thu Jul 22 10:28:40.910 2010] 0.000 sec [all/1/rel 0 (0,20)] [*] bis
[Thu Jul 22 10:28:41.237 2010] 0.000 sec [all/1/rel 0 (0,20)] [*] bish
[Thu Jul 22 10:28:41.567 2010] 0.000 sec [all/1/rel 1 (0,20)] [*] bisha
[Thu Jul 22 10:28:45.355 2010] 0.000 sec [all/1/rel 0 (0,20)] [*] bish
[Thu Jul 22 10:28:45.706 2010] 0.000 sec [all/1/rel 0 (0,20)] [*] bis
[Thu Jul 22 10:28:46.020 2010] 0.000 sec [all/1/rel 0 (0,20)] [*] bi
[Thu Jul 22 10:28:46.469 2010] 0.000 sec [all/1/rel 0 (0,20)] [*] b
[Thu Jul 22 10:28:47.552 2010] 0.000 sec [all/1/rel 0 (0,20)] [*] bh
[Thu Jul 22 10:28:47.878 2010] 0.000 sec [all/1/rel 0 (0,20)] [*] bha
[Thu Jul 22 10:28:51.786 2010] 0.000 sec [all/1/rel 0 (0,20)] [*] bhan
[Thu Jul 22 10:28:53.075 2010] 0.000 sec [all/1/rel 0 (0,20)] [*] bhand
[Thu Jul 22 10:28:53.773 2010] 0.000 sec [all/1/rel 0 (0,20)] [*] bhanda
[Thu Jul 22 10:28:54.830 2010] 0.000 sec [all/1/rel 0 (0,20)] [*] bhandar
[Thu Jul 22 10:28:55.177 2010] 0.000 sec [all/1/rel 0 (0,20)] [*] bhandari
[Thu Jul 22 10:28:56.396 2010] 0.000 sec [all/1/rel 0 (0,20)] [*] bhandar
[Thu Jul 22 10:28:56.858 2010] 0.000 sec [all/1/rel 0 (0,20)] [*] bhanda
[Thu Jul 22 10:28:57.261 2010] 0.000 sec [all/1/rel 0 (0,20)] [*] bhand
[Thu Jul 22 10:28:57.606 2010] 0.000 sec [all/1/rel 0 (0,20)] [*] bhan
[Thu Jul 22 10:28:58.003 2010] 0.000 sec [all/1/rel 0 (0,20)] [*] bha
[Thu Jul 22 10:28:58.375 2010] 0.000 sec [all/1/rel 0 (0,20)] [*] bh
[Thu Jul 22 10:28:58.665 2010] 0.000 sec [all/1/rel 0 (0,20)] [*] b
[Thu Jul 22 10:28:59.141 2010] 0.000 sec [all/1/rel 0 (0,20)] [*] r
[Thu Jul 22 10:28:59.519 2010] 0.001 sec [all/1/rel 0 (0,20)] [*] ro
[Thu Jul 22 10:28:59.897 2010] 0.000 sec [all/1/rel 0 (0,20)] [*] r
[Thu Jul 22 10:29:00.268 2010] 0.000 sec [all/1/rel 0 (0,20)] [*] roh
[Thu Jul 22 10:29:00.637 2010] 0.000 sec [all/1/rel 0 (0,20)] [*] roha
[Thu Jul 22 10:29:01.833 2010] 0.000 sec [all/1/rel 0 (0,20)] [*] roh
[Thu Jul 22 10:29:03.276 2010] 0.000 sec [all/1/rel 0 (0,20)] [*] rohh
[Thu Jul 22 10:29:03.702 2010] 0.000 sec [all/1/rel 0 (0,20)] [*] rohha
[Thu Jul 22 10:29:04.097 2010] 0.000 sec [all/1/rel 0 (0,20)] [*] rohhan
[Thu Jul 22 10:29:04.523 2010] 0.000 sec [all/1/rel 0 (0,20)] [*] rohha
[Thu Jul 22 10:29:04.915 2010] 0.000 sec [all/1/rel 0 (0,20)] [*] rohh
[Thu Jul 22 10:29:05.311 2010] 0.000 sec [all/1/rel 0 (0,20)] [*] roh
[Thu Jul 22 10:29:05.719 2010] 0.000 sec [all/1/rel 0 (0,20)] [*] roha
[Thu Jul 22 10:29:06.147 2010] 0.001 sec [all/1/rel 1 (0,20)] [*] rohan
[Thu Jul 22 10:29:18.339 2010] 0.000 sec [all/1/rel 0 (0,20)] [*] roha
[Thu Jul 22 10:29:19.735 2010] 0.000 sec [all/1/rel 0 (0,20)] [*] roh
[Thu Jul 22 10:29:21.095 2010] 0.000 sec [all/1/rel 0 (0,20)] [*] ro
[Thu Jul 22 10:29:21.805 2010] 0.000 sec [all/1/rel 0 (0,20)] [*] r
[Thu Jul 22 10:29:23.481 2010] 0.000 sec [all/1/rel 0 (0,20)] [*] h
[Thu Jul 22 10:29:24.030 2010] 0.000 sec [all/1/rel 6 (0,20)] [*] hi
[Thu Jul 22 10:46:12.691 2010] 0.000 sec [all/1/rel 0 (0,3)] [*] h
[Thu Jul 22 10:46:13.178 2010] 0.000 sec [all/1/rel 6 (0,3)] [*] hi
[Thu Jul 22 10:47:25.980 2010] 0.000 sec [all/1/rel 0 (0,3)] [*] h
[Thu Jul 22 10:47:26.627 2010] 0.000 sec [all/1/rel 6 (0,3)] [*] hi
[Thu Jul 22 10:48:04.766 2010] 0.000 sec [all/1/rel 0 (0,3)] [*] h
[Thu Jul 22 10:48:05.140 2010] 0.000 sec [all/1/rel 6 (0,3)] [*] hi
[Thu Jul 22 10:48:09.368 2010] 0.000 sec [all/1/rel 6 (3,3)] [*] hi
[Thu Jul 22 10:49:30.265 2010] 0.000 sec [all/1/rel 0 (0,3)] [*] h
[Thu Jul 22 10:49:30.568 2010] 0.000 sec [all/1/rel 6 (0,3)] [*] hi
[Thu Jul 22 10:49:32.604 2010] 0.000 sec [all/1/rel 6 (3,3)] [*] hi
[Thu Jul 22 10:52:17.196 2010] 0.000 sec [all/1/rel 6 (0,3)] [*] hi
[Thu Jul 22 10:52:24.017 2010] 0.000 sec [all/1/rel 0 (0,3)] [*] h
[Thu Jul 22 10:52:24.482 2010] 0.000 sec [all/1/rel 6 (0,3)] [*] hi
[Thu Jul 22 10:52:32.304 2010] 0.000 sec [all/1/rel 6 (0,3)] [*] hi
[Thu Jul 22 10:53:06.072 2010] 0.000 sec [all/1/rel 6 (0,3)] [*] hi
[Thu Jul 22 10:53:09.525 2010] 0.000 sec [all/1/rel 6 (3,3)] [*] hi
[Thu Jul 22 10:53:13.485 2010] 0.000 sec [all/1/rel 6 (0,3)] [*] hi
[Thu Jul 22 10:53:20.572 2010] 0.000 sec [all/1/rel 0 (0,3)] [*] i
[Thu Jul 22 10:53:21.601 2010] 0.000 sec [all/1/rel 0 (0,3)] [*] h
[Thu Jul 22 10:53:21.916 2010] 0.000 sec [all/1/rel 6 (0,3)] [*] hi
[Thu Jul 22 10:58:50.647 2010] 0.000 sec [all/1/rel 6 (0,3)] [*] hi
[Thu Jul 22 10:58:53.331 2010] 0.000 sec [all/1/rel 0 (0,3)] [*] h
[Thu Jul 22 10:58:53.559 2010] 0.000 sec [all/1/rel 6 (0,3)] [*] hi
[Thu Jul 22 10:59:15.322 2010] 0.000 sec [all/1/rel 0 (0,3)] [*] h
[Thu Jul 22 10:59:15.684 2010] 0.000 sec [all/1/rel 6 (0,3)] [*] hi
[Thu Jul 22 10:59:45.237 2010] 0.000 sec [all/1/rel 6 (0,3)] [*] hi
[Thu Jul 22 11:03:47.285 2010] 0.000 sec [all/1/rel 6 (0,3)] [*] hi
[Thu Jul 22 11:03:51.116 2010] 0.000 sec [all/1/rel 0 (0,3)] [*] h
[Thu Jul 22 11:03:51.408 2010] 0.000 sec [all/1/rel 6 (0,3)] [*] hi
[Thu Jul 22 11:04:11.375 2010] 0.000 sec [all/1/rel 6 (0,3)] [*] hi
[Thu Jul 22 11:04:12.474 2010] 0.000 sec [all/1/rel 6 (0,3)] [*] hi
[Thu Jul 22 11:04:14.822 2010] 0.000 sec [all/1/rel 0 (0,3)] [*] h
[Thu Jul 22 11:04:15.085 2010] 0.000 sec [all/1/rel 6 (0,3)] [*] hi
[Thu Jul 22 11:05:00.618 2010] 0.000 sec [all/1/rel 0 (0,3)] [*] h
[Thu Jul 22 11:05:01.201 2010] 0.000 sec [all/1/rel 6 (0,3)] [*] hi
[Thu Jul 22 11:08:06.993 2010] 0.000 sec [all/1/rel 6 (0,3)] [*] hi
[Thu Jul 22 11:08:18.068 2010] 0.000 sec [all/1/rel 0 (0,3)] [*] h
[Thu Jul 22 11:08:20.133 2010] 0.000 sec [all/1/rel 6 (0,3)] [*] hi
[Thu Jul 22 11:08:24.526 2010] 0.000 sec [all/1/rel 6 (3,3)] [*] hi
[Thu Jul 22 11:08:55.660 2010] 0.000 sec [all/1/rel 0 (0,3)] [*] h
[Thu Jul 22 11:08:56.676 2010] 0.000 sec [all/1/rel 0 (0,3)] [*] h
[Thu Jul 22 11:08:56.955 2010] 0.001 sec [all/1/rel 6 (0,3)] [*] hi
[Thu Jul 22 11:09:45.738 2010] 0.001 sec [all/1/rel 0 (0,3)] [*] h
[Thu Jul 22 11:09:46.029 2010] 0.000 sec [all/1/rel 6 (0,3)] [*] hi
[Thu Jul 22 11:09:48.840 2010] 0.000 sec [all/1/rel 6 (3,3)] [*] hi
[Thu Jul 22 11:19:06.012 2010] 0.000 sec [all/1/rel 0 (0,3)] [*] h
[Thu Jul 22 11:19:06.572 2010] 0.000 sec [all/1/rel 6 (0,3)] [*] hi
[Thu Jul 22 11:19:11.308 2010] 0.000 sec [all/1/rel 6 (3,3)] [*] hi
[Thu Jul 22 11:19:42.081 2010] 0.000 sec [all/1/rel 0 (0,3)] [*] h
[Thu Jul 22 11:19:42.671 2010] 0.000 sec [all/1/rel 6 (0,3)] [*] hi
[Thu Jul 22 11:23:02.840 2010] 0.000 sec [all/1/rel 0 (0,3)] [*] h
[Thu Jul 22 11:23:03.458 2010] 0.000 sec [all/1/rel 6 (0,3)] [*] hi
[Thu Jul 22 11:23:30.644 2010] 0.000 sec [all/1/rel 6 (0,3)] [*] hi
[Thu Jul 22 11:23:31.155 2010] 0.000 sec [all/1/rel 6 (0,3)] [*] hi
[Thu Jul 22 11:25:04.573 2010] 0.000 sec [all/1/rel 0 (0,3)] [*] h
[Thu Jul 22 11:25:05.167 2010] 0.000 sec [all/1/rel 6 (0,3)] [*] hi
[Thu Jul 22 11:25:09.046 2010] 0.000 sec [all/1/rel 6 (3,3)] [*] hi
[Thu Jul 22 11:25:34.862 2010] 0.000 sec [all/1/rel 0 (0,3)] [*] h
[Thu Jul 22 11:25:35.581 2010] 0.000 sec [all/1/rel 6 (0,3)] [*] hi
[Thu Jul 22 11:25:39.538 2010] 0.000 sec [all/1/rel 6 (0,3)] [*] hi
[Thu Jul 22 11:25:42.328 2010] 0.000 sec [all/1/rel 6 (0,3)] [*] hi
[Thu Jul 22 11:25:45.418 2010] 0.000 sec [all/1/rel 6 (3,3)] [*] hi
[Thu Jul 22 11:32:38.240 2010] 0.000 sec [all/1/rel 0 (0,3)] [*] h
[Thu Jul 22 11:32:38.779 2010] 0.000 sec [all/1/rel 6 (0,3)] [*] hi
[Thu Jul 22 11:36:27.836 2010] 0.000 sec [all/1/rel 6 (0,3)] [*] hi
[Thu Jul 22 11:36:28.499 2010] 0.000 sec [all/1/rel 6 (0,3)] [*] hi
[Thu Jul 22 11:36:34.086 2010] 0.000 sec [all/1/rel 0 (0,3)] [*] h
[Thu Jul 22 11:36:34.676 2010] 0.000 sec [all/1/rel 6 (0,3)] [*] hi
[Thu Jul 22 11:36:39.480 2010] 0.000 sec [all/1/rel 6 (3,3)] [*] hi
[Thu Jul 22 11:37:22.131 2010] 0.000 sec [all/1/rel 6 (0,3)] [*] hi
[Thu Jul 22 11:37:23.017 2010] 0.000 sec [all/1/rel 6 (0,3)] [*] hi
[Thu Jul 22 11:37:28.200 2010] 0.000 sec [all/1/rel 0 (0,3)] [*] h
[Thu Jul 22 11:37:28.837 2010] 0.000 sec [all/1/rel 6 (0,3)] [*] hi
[Thu Jul 22 11:37:35.056 2010] 0.000 sec [all/1/rel 6 (3,3)] [*] hi
[Thu Jul 22 11:47:25.498 2010] 0.000 sec [all/1/rel 0 (0,3)] [*] h
[Thu Jul 22 11:47:26.076 2010] 0.000 sec [all/1/rel 6 (0,3)] [*] hi
[Thu Jul 22 11:47:53.174 2010] 0.000 sec [all/1/rel 6 (3,3)] [*] hi
[Thu Jul 22 11:49:23.985 2010] 0.000 sec [all/1/rel 0 (0,3)] [*] h
[Thu Jul 22 11:49:24.517 2010] 0.000 sec [all/1/rel 6 (0,3)] [*] hi
[Thu Jul 22 11:49:30.619 2010] 0.000 sec [all/1/rel 6 (3,3)] [*] hi
[Thu Jul 22 11:50:33.461 2010] 0.000 sec [all/1/rel 0 (0,3)] [*] h
[Thu Jul 22 11:50:34.071 2010] 0.000 sec [all/1/rel 6 (0,3)] [*] hi
[Thu Jul 22 11:51:59.771 2010] 0.000 sec [all/1/rel 6 (0,3)] [*] hi
[Thu Jul 22 11:52:00.598 2010] 0.000 sec [all/1/rel 6 (0,3)] [*] hi
[Thu Jul 22 11:52:06.018 2010] 0.000 sec [all/1/rel 0 (0,3)] [*] h
[Thu Jul 22 11:52:06.678 2010] 0.000 sec [all/1/rel 6 (0,3)] [*] hi
[Thu Jul 22 11:52:51.916 2010] 0.001 sec [all/1/rel 6 (3,3)] [*] hi
[Thu Jul 22 11:53:09.162 2010] 0.000 sec [all/1/rel 0 (0,3)] [*] h
[Thu Jul 22 11:53:09.951 2010] 0.001 sec [all/1/rel 6 (0,3)] [*] hi
[Thu Jul 22 12:01:45.211 2010] 0.000 sec [all/1/rel 6 (3,3)] [*] hi
[Thu Jul 22 12:02:32.292 2010] 0.000 sec [all/1/rel 0 (0,3)] [*] h
[Thu Jul 22 12:02:32.917 2010] 0.000 sec [all/1/rel 6 (0,3)] [*] hi
[Thu Jul 22 12:04:54.821 2010] 0.000 sec [all/1/rel 0 (0,3)] [*] h
[Thu Jul 22 12:04:55.487 2010] 0.000 sec [all/1/rel 6 (0,3)] [*] hi
[Thu Jul 22 12:05:02.563 2010] 0.000 sec [all/1/rel 6 (3,3)] [*] hi
[Thu Jul 22 12:07:16.199 2010] 0.000 sec [all/1/rel 0 (0,3)] [*] h
[Thu Jul 22 12:07:16.793 2010] 0.001 sec [all/1/rel 6 (0,3)] [*] hi
[Thu Jul 22 12:09:12.029 2010] 0.000 sec [all/1/rel 0 (0,3)] [*] h
[Thu Jul 22 12:09:12.699 2010] 0.000 sec [all/1/rel 6 (0,3)] [*] hi
[Thu Jul 22 12:09:24.319 2010] 0.000 sec [all/1/rel 6 (3,3)] [*] hi
[Thu Jul 22 12:11:04.563 2010] 0.000 sec [all/1/rel 0 (0,3)] [*] h
[Thu Jul 22 12:11:05.319 2010] 0.000 sec [all/1/rel 6 (0,3)] [*] hi
[Thu Jul 22 12:11:15.957 2010] 0.000 sec [all/1/rel 6 (3,3)] [*] hi
[Thu Jul 22 12:15:37.262 2010] 0.001 sec [all/1/rel 0 (0,3)] [*] h
[Thu Jul 22 12:15:37.721 2010] 0.000 sec [all/1/rel 6 (0,3)] [*] hi
[Thu Jul 22 12:15:41.041 2010] 0.000 sec [all/1/rel 6 (3,3)] [*] hi
[Thu Jul 22 12:16:35.887 2010] 0.001 sec [all/1/rel 0 (0,3)] [*] h
[Thu Jul 22 12:16:36.600 2010] 0.000 sec [all/1/rel 6 (0,3)] [*] hi
[Thu Jul 22 12:16:49.223 2010] 0.000 sec [all/1/rel 6 (3,3)] [*] hi
[Thu Jul 22 12:17:56.511 2010] 0.000 sec [all/1/rel 0 (0,3)] [*] h
[Thu Jul 22 12:17:57.295 2010] 0.001 sec [all/1/rel 6 (0,3)] [*] hi
[Thu Jul 22 12:19:15.066 2010] 0.000 sec [all/1/rel 0 (0,3)] [*] h
[Thu Jul 22 12:19:15.846 2010] 0.000 sec [all/1/rel 6 (0,3)] [*] hi
[Thu Jul 22 12:19:54.934 2010] 0.003 sec [all/1/rel 6 (0,3)] [*] hi
[Thu Jul 22 12:19:56.298 2010] 0.000 sec [all/1/rel 6 (0,3)] [*] hi
[Thu Jul 22 12:19:57.175 2010] 0.000 sec [all/1/rel 6 (0,3)] [*] hi
[Thu Jul 22 12:19:57.975 2010] 0.000 sec [all/1/rel 6 (0,3)] [*] hi
[Thu Jul 22 12:20:01.690 2010] 0.000 sec [all/1/rel 0 (0,3)] [*] h
[Thu Jul 22 12:20:02.529 2010] 0.000 sec [all/1/rel 6 (0,3)] [*] hi
[Thu Jul 22 12:20:06.953 2010] 0.000 sec [all/1/rel 6 (3,3)] [*] hi
[Thu Jul 22 12:21:10.814 2010] 0.000 sec [all/1/rel 0 (0,3)] [*] g
[Thu Jul 22 12:21:11.858 2010] 0.000 sec [all/1/rel 0 (0,3)] [*] h
[Thu Jul 22 12:21:12.584 2010] 0.000 sec [all/1/rel 6 (0,3)] [*] hi
[Thu Jul 22 12:21:14.794 2010] 0.000 sec [all/1/rel 6 (3,3)] [*] hi
[Thu Jul 22 12:23:35.467 2010] 0.000 sec [all/1/rel 0 (0,3)] [*] h
[Thu Jul 22 12:23:36.240 2010] 0.000 sec [all/1/rel 6 (0,3)] [*] hi
[Thu Jul 22 12:23:38.577 2010] 0.000 sec [all/1/rel 6 (3,3)] [*] hi
[Thu Jul 22 12:24:20.036 2010] 0.000 sec [all/1/rel 0 (0,3)] [*] h
[Thu Jul 22 12:24:20.808 2010] 0.000 sec [all/1/rel 6 (0,3)] [*] hi
[Thu Jul 22 12:24:23.647 2010] 0.002 sec [all/1/rel 6 (3,3)] [*] hi
[Thu Jul 22 12:26:01.591 2010] 0.000 sec [all/1/rel 0 (0,3)] [*] h
[Thu Jul 22 12:26:02.553 2010] 0.000 sec [all/1/rel 6 (0,3)] [*] hi
[Thu Jul 22 12:26:06.432 2010] 0.000 sec [all/1/rel 6 (3,3)] [*] hi
[Thu Jul 22 12:26:53.144 2010] 0.000 sec [all/1/rel 0 (0,3)] [*] h
[Thu Jul 22 12:26:53.849 2010] 0.000 sec [all/1/rel 6 (0,3)] [*] hi
[Thu Jul 22 12:26:57.923 2010] 0.000 sec [all/1/rel 6 (3,3)] [*] hi
[Thu Jul 22 12:27:41.267 2010] 0.000 sec [all/1/rel 0 (0,3)] [*] h
[Thu Jul 22 12:27:42.047 2010] 0.000 sec [all/1/rel 6 (0,3)] [*] hi
[Thu Jul 22 12:27:45.154 2010] 0.000 sec [all/1/rel 6 (3,3)] [*] hi
[Thu Jul 22 12:28:43.673 2010] 0.000 sec [all/1/rel 0 (0,3)] [*] h
[Thu Jul 22 12:28:44.534 2010] 0.000 sec [all/1/rel 6 (0,3)] [*] hi
[Thu Jul 22 12:28:51.215 2010] 0.000 sec [all/1/rel 6 (3,3)] [*] hi
[Thu Jul 22 12:29:33.404 2010] 0.000 sec [all/1/rel 0 (0,3)] [*] h
[Thu Jul 22 12:29:35.616 2010] 0.000 sec [all/1/rel 0 (0,3)] [*] h
[Thu Jul 22 12:29:36.367 2010] 0.000 sec [all/1/rel 6 (0,3)] [*] hi
[Thu Jul 22 12:29:48.103 2010] 0.000 sec [all/1/rel 6 (3,3)] [*] hi
[Thu Jul 22 12:32:00.218 2010] 0.000 sec [all/1/rel 0 (0,3)] [*] h
[Thu Jul 22 12:32:00.977 2010] 0.001 sec [all/1/rel 6 (0,3)] [*] hi
[Thu Jul 22 12:32:03.844 2010] 0.000 sec [all/1/rel 6 (3,3)] [*] hi
[Thu Jul 22 12:44:52.168 2010] 0.000 sec [all/1/rel 0 (0,3)] [*] h
[Thu Jul 22 12:44:52.959 2010] 0.000 sec [all/1/rel 6 (0,3)] [*] hi
[Thu Jul 22 12:44:58.203 2010] 0.000 sec [all/1/rel 6 (3,3)] [*] hi
[Thu Jul 22 12:45:37.722 2010] 0.000 sec [all/1/rel 0 (0,3)] [*] h
[Thu Jul 22 12:45:38.502 2010] 0.000 sec [all/1/rel 6 (0,3)] [*] hi
[Thu Jul 22 12:45:43.257 2010] 0.000 sec [all/1/rel 6 (3,3)] [*] hi
[Thu Jul 22 12:52:01.261 2010] 0.000 sec [all/1/rel 0 (0,3)] [*] x
[Thu Jul 22 12:52:02.245 2010] 0.000 sec [all/1/rel 0 (0,3)] [*] x
[Thu Jul 22 12:52:12.439 2010] 0.000 sec [all/1/rel 0 (0,3)] [*] h
[Thu Jul 22 12:52:13.271 2010] 0.000 sec [all/1/rel 6 (0,3)] [*] hi
[Thu Jul 22 12:52:20.717 2010] 0.000 sec [all/1/rel 6 (3,3)] [*] hi
[Thu Jul 22 12:55:41.359 2010] 0.000 sec [all/1/rel 0 (0,3)] [*] h
[Thu Jul 22 12:55:42.564 2010] 0.000 sec [all/1/rel 6 (0,3)] [*] hi
[Thu Jul 22 12:55:45.637 2010] 0.000 sec [all/1/rel 6 (3,3)] [*] hi
[Thu Jul 22 12:58:32.086 2010] 0.001 sec [all/1/rel 0 (0,3)] [*] h
[Thu Jul 22 12:58:32.450 2010] 0.000 sec [all/1/rel 6 (0,3)] [*] hi
[Thu Jul 22 12:58:42.933 2010] 0.000 sec [all/1/rel 6 (3,3)] [*] hi
[Thu Jul 22 13:12:55.321 2010] 0.000 sec [all/1/rel 0 (0,3)] [*] h
[Thu Jul 22 13:12:55.723 2010] 0.001 sec [all/1/rel 6 (0,3)] [*] hi
[Thu Jul 22 13:12:58.892 2010] 0.000 sec [all/1/rel 6 (3,3)] [*] hi
[Thu Jul 22 13:13:02.472 2010] 0.000 sec [all/1/rel 6 (0,3)] [*] hi
[Thu Jul 22 13:13:04.557 2010] 0.000 sec [all/1/rel 6 (3,3)] [*] hi
[Thu Jul 22 13:14:26.302 2010] 0.000 sec [all/1/rel 0 (0,3)] [*] h
[Thu Jul 22 13:14:26.600 2010] 0.000 sec [all/1/rel 6 (0,3)] [*] hi
[Thu Jul 22 13:14:55.537 2010] 0.000 sec [all/1/rel 6 (3,3)] [*] hi
[Thu Jul 22 13:15:08.743 2010] 0.000 sec [all/1/rel 6 (0,3)] [*] hi
[Thu Jul 22 13:15:11.058 2010] 0.000 sec [all/1/rel 6 (3,3)] [*] hi
[Thu Jul 22 13:16:17.465 2010] 0.000 sec [all/1/rel 0 (0,3)] [*] h
[Thu Jul 22 13:16:17.766 2010] 0.001 sec [all/1/rel 6 (0,3)] [*] hi
[Thu Jul 22 13:16:21.297 2010] 0.000 sec [all/1/rel 6 (3,3)] [*] hi
[Thu Jul 22 13:16:50.884 2010] 0.000 sec [all/1/rel 6 (0,3)] [*] hi
[Thu Jul 22 13:22:07.636 2010] 0.002 sec [all/1/rel 6 (0,3)] [*] hi
[Thu Jul 22 13:22:16.326 2010] 0.000 sec [all/1/rel 6 (3,3)] [*] hi
[Thu Jul 22 13:24:05.039 2010] 0.000 sec [all/1/rel 0 (0,3)] [*] j
[Thu Jul 22 13:24:06.295 2010] 0.000 sec [all/1/rel 0 (0,3)] [*] h
[Thu Jul 22 13:24:06.615 2010] 0.000 sec [all/1/rel 6 (0,3)] [*] hi
[Thu Jul 22 13:24:09.632 2010] 0.000 sec [all/1/rel 6 (3,3)] [*] hi
[Thu Jul 22 13:24:13.580 2010] 0.000 sec [all/1/rel 6 (0,3)] [*] hi
[Thu Jul 22 13:25:38.275 2010] 0.000 sec [all/1/rel 0 (0,3)] [*] h
[Thu Jul 22 13:25:38.635 2010] 0.000 sec [all/1/rel 6 (0,3)] [*] hi
[Thu Jul 22 13:25:47.319 2010] 0.000 sec [all/1/rel 6 (0,3)] [*] hi
[Thu Jul 22 13:26:17.119 2010] 0.000 sec [all/1/rel 6 (0,3)] [*] hi
[Thu Jul 22 13:27:02.178 2010] 0.000 sec [all/1/rel 0 (0,3)] [*] h
[Thu Jul 22 13:27:02.510 2010] 0.000 sec [all/1/rel 6 (0,3)] [*] hi
[Thu Jul 22 13:27:46.938 2010] 0.000 sec [all/1/rel 6 (0,3)] [*] hi
[Thu Jul 22 13:27:58.615 2010] 0.000 sec [all/1/rel 6 (0,3)] [*] hi
[Thu Jul 22 13:29:27.575 2010] 0.000 sec [all/1/rel 0 (0,3)] [*] h
[Thu Jul 22 13:29:28.203 2010] 0.000 sec [all/1/rel 6 (0,3)] [*] hi
[Thu Jul 22 13:29:31.818 2010] 0.000 sec [all/1/rel 6 (3,3)] [*] hi
[Thu Jul 22 13:29:36.707 2010] 0.000 sec [all/1/rel 0 (0,3)] [*] h
[Thu Jul 22 13:29:43.036 2010] 0.000 sec [all/1/rel 0 (0,3)] [*] r
[Thu Jul 22 13:29:43.501 2010] 0.000 sec [all/1/rel 0 (0,3)] [*] ro
[Thu Jul 22 13:29:43.911 2010] 0.000 sec [all/1/rel 0 (0,3)] [*] roh
[Thu Jul 22 13:29:50.037 2010] 0.000 sec [all/1/rel 0 (0,3)] [*] roha
[Thu Jul 22 13:29:50.550 2010] 0.000 sec [all/1/rel 1 (0,3)] [*] rohan
[Thu Jul 22 13:29:51.154 2010] 0.000 sec [all/1/rel 0 (0,3)] [*] r
[Thu Jul 22 13:29:52.237 2010] 0.000 sec [all/1/rel 0 (0,3)] [*] ro
[Thu Jul 22 13:29:52.839 2010] 0.000 sec [all/1/rel 0 (0,3)] [*] roh
[Thu Jul 22 13:29:53.524 2010] 0.000 sec [all/1/rel 0 (0,3)] [*] roha
[Thu Jul 22 13:29:54.120 2010] 0.000 sec [all/1/rel 1 (0,3)] [*] rohan
[Thu Jul 22 13:29:57.648 2010] 0.000 sec [all/1/rel 1 (0,3)] [*] rohan
[Thu Jul 22 13:29:58.634 2010] 0.000 sec [all/1/rel 1 (0,3)] [*] rohan
[Thu Jul 22 13:30:04.579 2010] 0.000 sec [all/1/rel 1 (0,3)] [*] rohan
[Thu Jul 22 13:30:09.853 2010] 0.000 sec [all/1/rel 1 (0,3)] [*] rohan
[Thu Jul 22 13:30:11.027 2010] 0.000 sec [all/1/rel 1 (0,3)] [*] rohan
[Thu Jul 22 13:30:11.994 2010] 0.000 sec [all/1/rel 1 (0,3)] [*] rohan
[Thu Jul 22 13:30:14.044 2010] 0.000 sec [all/1/rel 1 (0,3)] [*] rohan
[Thu Jul 22 13:30:25.601 2010] 0.000 sec [all/1/rel 1 (0,3)] [*] rohan
[Thu Jul 22 13:30:32.237 2010] 0.000 sec [all/1/rel 0 (0,3)] [*] roha
[Thu Jul 22 13:30:33.598 2010] 0.000 sec [all/1/rel 1 (0,3)] [*] rohan
[Thu Jul 22 13:30:40.070 2010] 0.000 sec [all/1/rel 1 (0,3)] [*] rohan
[Thu Jul 22 13:31:03.754 2010] 0.000 sec [all/1/rel 0 (0,3)] [*] R
[Thu Jul 22 13:31:04.192 2010] 0.001 sec [all/1/rel 0 (0,3)] [*] Ro
[Thu Jul 22 13:31:04.624 2010] 0.000 sec [all/1/rel 0 (0,3)] [*] Roh
[Thu Jul 22 13:31:05.047 2010] 0.000 sec [all/1/rel 1 (0,3)] [*] Rohan
[Thu Jul 22 13:31:05.715 2010] 0.010 sec [all/1/rel 0 (0,3)] [*] Roha
[Thu Jul 22 13:31:06.147 2010] 0.000 sec [all/1/rel 0 (0,3)] [*] R
[Thu Jul 22 13:31:06.566 2010] 0.001 sec [all/1/rel 1 (0,3)] [*] Rohan
[Thu Jul 22 13:31:16.553 2010] 0.000 sec [all/1/rel 1 (0,3)] [*] Rohan
[Thu Jul 22 13:31:23.589 2010] 0.000 sec [all/1/rel 1 (0,3)] [*] Rohan
[Thu Jul 22 13:31:35.182 2010] 0.000 sec [all/1/rel 1 (0,3)] [*] Rohan
[Thu Jul 22 13:32:24.380 2010] 0.000 sec [all/1/rel 0 (0,3)] [*] R
[Thu Jul 22 13:32:24.761 2010] 0.000 sec [all/1/rel 0 (0,3)] [*] Ro
[Thu Jul 22 13:32:24.911 2010] 0.000 sec [all/1/rel 0 (0,3)] [*] R
[Thu Jul 22 13:32:25.308 2010] 0.000 sec [all/1/rel 0 (0,3)] [*] Roh
[Thu Jul 22 13:32:25.569 2010] 0.001 sec [all/1/rel 0 (0,3)] [*] Roha
[Thu Jul 22 13:32:25.959 2010] 0.000 sec [all/1/rel 1 (0,3)] [*] Rohan
[Thu Jul 22 13:32:27.518 2010] 0.000 sec [all/1/rel 1 (0,3)] [*] Rohan
[Thu Jul 22 13:32:27.917 2010] 0.000 sec [all/1/rel 1 (0,3)] [*] Rohan
[Thu Jul 22 13:32:28.504 2010] 0.000 sec [all/1/rel 1 (0,3)] [*] Rohan
[Thu Jul 22 13:32:30.704 2010] 0.000 sec [all/1/rel 1 (0,3)] [*] Rohan
[Thu Jul 22 13:32:48.298 2010] 0.000 sec [all/1/rel 1 (0,3)] [*] Rohan
[Thu Jul 22 13:32:54.627 2010] 0.000 sec [all/1/rel 1 (0,3)] [*] Rohan
[Thu Jul 22 13:32:54.877 2010] 0.000 sec [all/1/rel 1 (0,3)] [*] Rohan
[Thu Jul 22 13:32:55.361 2010] 0.000 sec [all/1/rel 1 (0,3)] [*] Rohan
[Thu Jul 22 13:32:56.525 2010] 0.000 sec [all/1/rel 0 (0,3)] [*] RohanNiley
[Thu Jul 22 13:32:56.822 2010] 0.000 sec [all/1/rel 0 (0,3)] [*] Rohaniley
[Thu Jul 22 13:33:02.198 2010] 0.000 sec [all/1/rel 0 (0,3)] [*] Rohanley
[Thu Jul 22 13:33:02.384 2010] 0.003 sec [all/1/rel 0 (0,3)] [*] Rohaney
[Thu Jul 22 13:33:02.724 2010] 0.000 sec [all/1/rel 0 (0,3)] [*] Rohany
[Thu Jul 22 13:33:03.303 2010] 0.001 sec [all/1/rel 1 (0,3)] [*] Rohan
[Thu Jul 22 13:33:05.946 2010] 0.001 sec [all/1/rel 1 (0,3)] [*] Rohan
[Thu Jul 22 13:33:09.665 2010] 0.000 sec [all/1/rel 1 (0,3)] [*] Rohan
[Thu Jul 22 13:33:11.172 2010] 0.004 sec [all/1/rel 1 (0,3)] [*] Rohan
[Thu Jul 22 13:33:13.703 2010] 0.000 sec [all/1/rel 1 (0,3)] [*] Rohan
[Thu Jul 22 13:33:14.935 2010] 0.000 sec [all/1/rel 1 (0,3)] [*] Rohan
[Thu Jul 22 13:33:16.203 2010] 0.000 sec [all/1/rel 1 (0,3)] [*] Rohan
[Thu Jul 22 13:33:55.555 2010] 0.000 sec [all/1/rel 0 (0,3)] [*] r
[Thu Jul 22 13:33:59.617 2010] 0.000 sec [all/1/rel 0 (0,3)] [*] ro
[Thu Jul 22 13:34:02.399 2010] 0.000 sec [all/1/rel 0 (0,3)] [*] roh
[Thu Jul 22 13:34:04.258 2010] 0.000 sec [all/1/rel 0 (0,3)] [*] roha
[Thu Jul 22 13:34:06.167 2010] 0.000 sec [all/1/rel 1 (0,3)] [*] rohan
[Thu Jul 22 13:34:09.446 2010] 0.000 sec [all/1/rel 1 (0,3)] [*] rohan
[Thu Jul 22 13:34:13.095 2010] 0.000 sec [all/1/rel 1 (0,3)] [*] rohan
[Thu Jul 22 13:34:45.382 2010] 0.000 sec [all/1/rel 1 (0,3)] [*] rohan
[Thu Jul 22 13:34:49.414 2010] 0.000 sec [all/1/rel 1 (0,3)] [*] rohan
[Thu Jul 22 13:35:09.006 2010] 0.000 sec [all/1/rel 1 (0,3)] [*] rohan
[Thu Jul 22 13:36:24.887 2010] 0.001 sec [all/1/rel 0 (0,3)] [*] r
[Thu Jul 22 13:36:29.476 2010] 0.000 sec [all/1/rel 0 (0,3)] [*] ro
[Thu Jul 22 13:36:33.130 2010] 0.000 sec [all/1/rel 0 (0,3)] [*] roh
[Thu Jul 22 13:36:34.988 2010] 0.000 sec [all/1/rel 0 (0,3)] [*] roh
[Thu Jul 22 13:36:37.218 2010] 0.000 sec [all/1/rel 0 (0,3)] [*] roh
[Thu Jul 22 13:36:40.773 2010] 0.001 sec [all/1/rel 0 (0,3)] [*] roha
[Thu Jul 22 13:36:44.479 2010] 0.000 sec [all/1/rel 1 (0,3)] [*] rohan
[Thu Jul 22 13:36:48.238 2010] 0.000 sec [all/1/rel 1 (0,3)] [*] rohan
[Thu Jul 22 13:36:53.592 2010] 0.000 sec [all/1/rel 1 (0,3)] [*] rohan
[Thu Jul 22 13:37:13.790 2010] 0.000 sec [all/1/rel 1 (0,3)] [*] rohan
[Thu Jul 22 13:37:24.725 2010] 0.000 sec [all/1/rel 1 (0,3)] [*] rohan
[Thu Jul 22 13:38:29.218 2010] 0.000 sec [all/1/rel 1 (0,3)] [*] rohan
[Thu Jul 22 13:38:47.307 2010] 0.000 sec [all/1/rel 1 (0,3)] [*] rohan
[Thu Jul 22 13:38:59.543 2010] 0.000 sec [all/1/rel 0 (0,3)] [*] r
[Thu Jul 22 13:39:02.783 2010] 0.000 sec [all/1/rel 0 (0,3)] [*] ro
[Thu Jul 22 13:39:05.855 2010] 0.003 sec [all/1/rel 0 (0,3)] [*] roh
[Thu Jul 22 13:39:08.539 2010] 0.000 sec [all/1/rel 0 (0,3)] [*] roha
[Thu Jul 22 13:39:11.462 2010] 0.000 sec [all/1/rel 1 (0,3)] [*] rohan
[Thu Jul 22 13:39:17.829 2010] 0.000 sec [all/1/rel 0 (0,3)] [*] rohann
[Thu Jul 22 13:39:22.822 2010] 0.000 sec [all/1/rel 0 (0,3)] [*] rohanni
[Thu Jul 22 13:39:27.603 2010] 0.000 sec [all/1/rel 0 (0,3)] [*] rohanni
[Thu Jul 22 13:39:30.143 2010] 0.000 sec [all/1/rel 0 (0,3)] [*] rohanni
[Thu Jul 22 13:39:34.626 2010] 0.000 sec [all/1/rel 1 (0,3)] [*] rohan
[Thu Jul 22 13:41:45.773 2010] 0.000 sec [all/1/rel 0 (0,3)] [*] r
[Thu Jul 22 13:41:48.770 2010] 0.001 sec [all/1/rel 0 (0,3)] [*] ro
[Thu Jul 22 13:41:51.480 2010] 0.000 sec [all/1/rel 0 (0,3)] [*] ro
[Thu Jul 22 13:41:56.732 2010] 0.000 sec [all/1/rel 0 (0,3)] [*] ro
[Thu Jul 22 13:42:35.084 2010] 0.000 sec [all/1/rel 0 (0,3)] [*] ro
[Thu Jul 22 13:42:47.439 2010] 0.000 sec [all/1/rel 0 (0,3)] [*] r
[Thu Jul 22 13:42:53.352 2010] 0.000 sec [all/1/rel 0 (0,3)] [*] 'r
[Thu Jul 22 13:42:57.190 2010] 0.000 sec [all/1/rel 0 (0,3)] [*] 'r
[Thu Jul 22 13:44:46.812 2010] 0.000 sec [all/1/rel 0 (0,3)] [*] r
[Thu Jul 22 13:44:49.983 2010] 0.000 sec [all/1/rel 0 (0,3)] [*] r
[Thu Jul 22 13:44:53.431 2010] 0.000 sec [all/1/rel 0 (0,3)] [*] r
[Thu Jul 22 13:47:54.105 2010] 0.000 sec [all/1/rel 0 (0,3)] [*] r
[Thu Jul 22 13:47:57.818 2010] 0.000 sec [all/1/rel 0 (0,3)] [*] r
[Thu Jul 22 13:48:01.975 2010] 0.000 sec [all/1/rel 0 (0,3)] [*] r
[Thu Jul 22 13:48:04.784 2010] 0.000 sec [all/1/rel 0 (0,3)] [*] r
[Thu Jul 22 13:50:50.537 2010] 0.000 sec [all/1/rel 0 (0,3)] [*] r
[Thu Jul 22 13:50:53.450 2010] 0.000 sec [all/1/rel 0 (0,3)] [*] r
[Thu Jul 22 13:50:55.971 2010] 0.000 sec [all/1/rel 0 (0,3)] [*] r
[Thu Jul 22 13:52:40.843 2010] 0.001 sec [all/1/rel 0 (0,3)] [*] r
[Thu Jul 22 13:53:41.402 2010] 0.000 sec [all/1/rel 0 (0,3)] [*] r
[Thu Jul 22 13:53:45.185 2010] 0.000 sec [all/1/rel 0 (0,3)] [*] r
[Thu Jul 22 13:53:49.480 2010] 0.000 sec [all/1/rel 0 (0,3)] [*] r
[Thu Jul 22 13:54:16.706 2010] 0.000 sec [all/1/rel 0 (0,3)] [*] r
[Thu Jul 22 13:54:22.058 2010] 0.000 sec [all/1/rel 0 (0,3)] [*] r
[Thu Jul 22 13:55:06.021 2010] 0.000 sec [all/1/rel 0 (0,3)] [*] r
[Thu Jul 22 13:55:09.540 2010] 0.000 sec [all/1/rel 0 (0,3)] [*] r
[Thu Jul 22 13:55:13.190 2010] 0.000 sec [all/1/rel 0 (0,3)] [*] r
[Thu Jul 22 13:55:21.137 2010] 0.000 sec [all/1/rel 0 (0,3)] [*] r
[Thu Jul 22 13:55:26.586 2010] 0.000 sec [all/1/rel 0 (0,3)] [*] r
[Thu Jul 22 14:14:08.933 2010] 0.000 sec [all/1/rel 0 (0,3)] [*] h
[Thu Jul 22 14:14:12.322 2010] 0.000 sec [all/1/rel 0 (0,3)] [*] h
[Thu Jul 22 14:14:16.027 2010] 0.000 sec [all/1/rel 0 (0,3)] [*] h
[Thu Jul 22 14:17:43.172 2010] 0.000 sec [all/1/rel 0 (0,3)] [*] h
[Thu Jul 22 14:17:48.113 2010] 0.001 sec [all/1/rel 0 (0,3)] [*] h
[Thu Jul 22 14:17:52.576 2010] 0.000 sec [all/1/rel 0 (0,3)] [*] h
[Thu Jul 22 14:17:56.039 2010] 0.000 sec [all/1/rel 0 (0,3)] [*] h
[Thu Jul 22 14:19:30.905 2010] 0.001 sec [all/1/rel 0 (0,3)] [*] h
[Thu Jul 22 14:19:33.934 2010] 0.000 sec [all/1/rel 0 (0,3)] [*] h
[Thu Jul 22 14:19:37.408 2010] 0.000 sec [all/1/rel 0 (0,3)] [*] h
[Thu Jul 22 14:21:22.783 2010] 0.000 sec [all/1/rel 0 (0,3)] [*] h
[Thu Jul 22 14:21:29.706 2010] 0.000 sec [all/1/rel 0 (0,3)] [*] h
[Thu Jul 22 14:21:34.072 2010] 0.000 sec [all/1/rel 0 (0,3)] [*] h
[Thu Jul 22 14:21:58.543 2010] 0.000 sec [all/1/rel 0 (0,3)] [*] h
[Thu Jul 22 14:22:00.824 2010] 0.000 sec [all/1/rel 0 (0,3)] [*] h
[Thu Jul 22 14:22:06.500 2010] 0.000 sec [all/1/rel 0 (0,3)] [*] h
[Thu Jul 22 14:22:15.977 2010] 0.000 sec [all/1/rel 0 (0,3)] [*] h
[Thu Jul 22 14:22:19.934 2010] 0.000 sec [all/1/rel 0 (0,3)] [*] h
[Thu Jul 22 14:22:24.064 2010] 0.000 sec [all/1/rel 0 (0,3)] [*] h
[Thu Jul 22 14:22:28.288 2010] 0.000 sec [all/1/rel 0 (0,3)] [*] h
[Thu Jul 22 14:22:30.565 2010] 0.000 sec [all/1/rel 0 (0,3)] [*] h
[Thu Jul 22 14:22:33.411 2010] 0.000 sec [all/1/rel 0 (0,3)] [*] h
[Thu Jul 22 14:24:01.990 2010] 0.000 sec [all/1/rel 0 (0,3)] [*] h
[Thu Jul 22 14:24:06.664 2010] 0.000 sec [all/1/rel 0 (0,3)] [*] h
[Thu Jul 22 14:24:13.197 2010] 0.000 sec [all/1/rel 0 (0,3)] [*] h
[Thu Jul 22 14:24:48.799 2010] 0.000 sec [all/1/rel 0 (0,3)] [*] h
[Thu Jul 22 14:24:49.518 2010] 0.000 sec [all/1/rel 6 (0,3)] [*] hi
[Thu Jul 22 14:24:51.804 2010] 0.000 sec [all/1/rel 6 (0,3)] [*] hi
[Thu Jul 22 14:24:54.122 2010] 0.000 sec [all/1/rel 6 (0,3)] [*] hi
[Thu Jul 22 14:25:00.572 2010] 0.000 sec [all/1/rel 6 (0,3)] [*] hi
[Thu Jul 22 14:25:01.300 2010] 0.000 sec [all/1/rel 0 (0,3)] [*] h
[Thu Jul 22 14:25:03.146 2010] 0.000 sec [all/1/rel 0 (0,3)] [*] p
[Thu Jul 22 14:25:03.807 2010] 0.000 sec [all/1/rel 0 (0,3)] [*] pr
[Thu Jul 22 14:25:04.436 2010] 0.000 sec [all/1/rel 0 (0,3)] [*] p
[Thu Jul 22 14:25:05.055 2010] 0.000 sec [all/1/rel 0 (0,3)] [*] pr
[Thu Jul 22 14:25:07.148 2010] 0.000 sec [all/1/rel 0 (0,3)] [*] pr
[Thu Jul 22 14:25:09.372 2010] 0.000 sec [all/1/rel 0 (0,3)] [*] pr
[Thu Jul 22 14:25:27.846 2010] 0.000 sec [all/1/rel 0 (0,3)] [*] pr
[Thu Jul 22 14:25:29.774 2010] 0.000 sec [all/1/rel 0 (0,3)] [*] pr
[Thu Jul 22 14:25:31.703 2010] 0.000 sec [all/1/rel 0 (0,3)] [*] pr
[Thu Jul 22 14:25:37.638 2010] 0.000 sec [all/1/rel 0 (0,3)] [*] pr o
[Thu Jul 22 14:25:40.132 2010] 0.000 sec [all/1/rel 0 (0,3)] [*] pr od
[Thu Jul 22 14:28:26.773 2010] 0.000 sec [all/1/rel 0 (0,3)] [*] pr od
[Thu Jul 22 14:28:27.398 2010] 0.000 sec [all/1/rel 0 (0,3)] [*] pr od
[Thu Jul 22 14:32:25.342 2010] 0.000 sec [all/1/rel 0 (0,3)] [*] t
[Thu Jul 22 14:32:26.179 2010] 0.000 sec [all/1/rel 0 (0,3)] [*] t
[Thu Jul 22 14:32:26.954 2010] 0.001 sec [all/1/rel 0 (0,3)] [*] te
[Thu Jul 22 14:32:27.608 2010] 0.000 sec [all/1/rel 0 (0,3)] [*] tes
[Thu Jul 22 14:32:28.278 2010] 0.000 sec [all/1/rel 0 (0,3)] [*] te
[Thu Jul 22 14:32:28.923 2010] 0.000 sec [all/1/rel 0 (0,3)] [*] test
[Thu Jul 22 14:32:29.897 2010] 0.000 sec [all/1/rel 0 (0,3)] [*] test
[Thu Jul 22 14:32:31.695 2010] 0.000 sec [all/1/rel 0 (0,3)] [*] test r
[Thu Jul 22 14:32:32.328 2010] 0.000 sec [all/1/rel 0 (0,3)] [*] test ra
[Thu Jul 22 14:32:33.155 2010] 0.000 sec [all/1/rel 0 (0,3)] [*] test ram
[Thu Jul 22 14:32:49.721 2010] 0.000 sec [all/1/rel 0 (0,3)] [*] r
[Thu Jul 22 14:32:50.493 2010] 0.000 sec [all/1/rel 0 (0,3)] [*] ro
[Thu Jul 22 14:32:51.162 2010] 0.000 sec [all/1/rel 0 (0,3)] [*] roh
[Thu Jul 22 14:32:51.840 2010] 0.000 sec [all/1/rel 0 (0,3)] [*] roha
[Thu Jul 22 14:32:52.543 2010] 0.000 sec [all/1/rel 1 (0,3)] [*] rohan
[Thu Jul 22 14:32:53.269 2010] 0.000 sec [all/1/rel 1 (0,3)] [*] rohan
[Thu Jul 22 14:32:53.994 2010] 0.000 sec [all/1/rel 0 (0,3)] [*] rohan n
[Thu Jul 22 14:32:54.680 2010] 0.001 sec [all/1/rel 0 (0,3)] [*] rohan ni
[Thu Jul 22 14:32:55.456 2010] 0.000 sec [all/1/rel 0 (0,3)] [*] rohan nil
[Thu Jul 22 14:32:56.147 2010] 0.000 sec [all/1/rel 0 (0,3)] [*] rohan nile
[Thu Jul 22 14:32:56.866 2010] 0.023 sec [all/1/rel 1 (0,3)] [*] rohan niley
[Thu Jul 22 14:52:32.110 2010] 0.000 sec [all/1/rel 0 (0,3)] [*] r
[Thu Jul 22 14:52:32.991 2010] 0.000 sec [all/1/rel 0 (0,3)] [*] ro
[Thu Jul 22 14:52:33.661 2010] 0.000 sec [all/1/rel 0 (0,3)] [*] r
[Thu Jul 22 14:52:34.343 2010] 0.000 sec [all/1/rel 0 (0,3)] [*] roh
[Thu Jul 22 14:52:35.029 2010] 0.000 sec [all/1/rel 0 (0,3)] [*] roha
[Thu Jul 22 14:52:35.716 2010] 0.000 sec [all/1/rel 1 (0,3)] [*] rohan
[Thu Jul 22 14:52:36.418 2010] 0.000 sec [all/1/rel 1 (0,3)] [*] rohan
[Thu Jul 22 14:52:44.093 2010] 0.000 sec [all/1/rel 1 (0,3)] [*] rohan
[Thu Jul 22 14:52:54.266 2010] 0.000 sec [all/1/rel 0 (0,3)] [*] rohan n
[Thu Jul 22 14:52:55.048 2010] 0.000 sec [all/1/rel 0 (0,3)] [*] rohan ni
[Thu Jul 22 14:52:55.796 2010] 0.000 sec [all/1/rel 0 (0,3)] [*] rohan nil
[Thu Jul 22 14:52:56.533 2010] 0.000 sec [all/1/rel 0 (0,3)] [*] rohan nile
[Thu Jul 22 14:52:57.279 2010] 0.000 sec [all/1/rel 1 (0,3)] [*] rohan niley
[Thu Jul 22 14:54:43.106 2010] 0.000 sec [all/1/rel 1 (0,6)] [*] rohan niley
[Thu Jul 22 14:56:11.320 2010] 0.000 sec [all/1/rel 0 (0,6)] [*] h
[Thu Jul 22 14:56:12.128 2010] 0.000 sec [all/1/rel 6 (0,6)] [*] hi
[Thu Jul 22 14:56:17.222 2010] 0.000 sec [all/1/rel 6 (0,6)] [*] hi
[Thu Jul 22 14:57:30.157 2010] 0.000 sec [all/1/rel 6 (0,12)] [*] hi
[Thu Jul 22 14:57:44.714 2010] 0.000 sec [all/1/rel 0 (0,6)] [*] h
[Thu Jul 22 14:57:45.478 2010] 0.000 sec [all/1/rel 6 (0,6)] [*] hi
[Thu Jul 22 14:57:48.805 2010] 0.000 sec [all/1/rel 6 (0,12)] [*] hi
[Thu Jul 22 14:57:58.841 2010] 0.000 sec [all/1/rel 6 (0,6)] [*] hi
[Thu Jul 22 14:58:04.546 2010] 0.000 sec [all/1/rel 6 (0,12)] [*] hi
[Thu Jul 22 14:58:07.717 2010] 0.000 sec [all/1/rel 0 (0,12)] [*] h
[Thu Jul 22 14:58:53.220 2010] 0.000 sec [all/1/rel 0 (0,12)] [*] r
[Thu Jul 22 14:58:54.074 2010] 0.000 sec [all/1/rel 0 (0,12)] [*] ro
[Thu Jul 22 14:58:54.857 2010] 0.000 sec [all/1/rel 0 (0,12)] [*] roh
[Thu Jul 22 14:58:55.644 2010] 0.000 sec [all/1/rel 0 (0,12)] [*] roha
[Thu Jul 22 14:58:56.430 2010] 0.000 sec [all/1/rel 1 (0,12)] [*] rohan
[Thu Jul 22 14:58:57.250 2010] 0.000 sec [all/1/rel 0 (0,12)] [*] r
[Thu Jul 22 14:59:05.423 2010] 0.000 sec [all/1/rel 1 (0,12)] [*] rohan
[Thu Jul 22 14:59:09.258 2010] 0.000 sec [all/1/rel 0 (0,12)] [*] rohan n
[Thu Jul 22 14:59:10.336 2010] 0.000 sec [all/1/rel 0 (0,12)] [*] rohan ni
[Thu Jul 22 14:59:15.172 2010] 0.000 sec [all/1/rel 0 (0,12)] [*] rohan n
[Thu Jul 22 14:59:15.978 2010] 0.000 sec [all/1/rel 1 (0,12)] [*] rohan
[Thu Jul 22 14:59:18.240 2010] 0.000 sec [all/1/rel 1 (0,6)] [*] rohan
[Thu Jul 22 14:59:28.672 2010] 0.000 sec [all/1/rel 1 (0,6)] [*] rohan
[Thu Jul 22 14:59:31.890 2010] 0.000 sec [all/1/rel 0 (0,6)] [*] ohan
[Thu Jul 22 14:59:32.766 2010] 0.000 sec [all/1/rel 0 (0,6)] [*] han
[Thu Jul 22 14:59:33.612 2010] 0.000 sec [all/1/rel 0 (0,6)] [*] an
[Thu Jul 22 14:59:34.448 2010] 0.000 sec [all/1/rel 0 (0,6)] [*] n
[Thu Jul 22 15:00:18.351 2010] 0.000 sec [all/1/rel 0 (0,6)] [*] r
[Thu Jul 22 15:00:19.305 2010] 0.000 sec [all/1/rel 0 (0,6)] [*] ro
[Thu Jul 22 15:00:22.146 2010] 0.000 sec [all/1/rel 0 (0,6)] [*] r
[Thu Jul 22 15:01:16.455 2010] 0.000 sec [all/1/rel 0 (0,6)] [*] h
[Thu Jul 22 15:01:20.953 2010] 0.000 sec [all/1/rel 0 (0,6)] [*] r
[Thu Jul 22 15:01:21.837 2010] 0.000 sec [all/1/rel 0 (0,6)] [*] ro
[Thu Jul 22 15:01:22.667 2010] 0.000 sec [all/1/rel 0 (0,6)] [*] roh
[Thu Jul 22 15:01:23.517 2010] 0.000 sec [all/1/rel 0 (0,6)] [*] roha
[Thu Jul 22 15:01:24.604 2010] 0.000 sec [all/1/rel 1 (0,6)] [*] rohan
[Thu Jul 22 15:01:28.744 2010] 0.000 sec [all/1/rel 1 (0,6)] [*] rohan
[Thu Jul 22 15:01:29.713 2010] 0.000 sec [all/1/rel 0 (0,6)] [*] rohan n
[Thu Jul 22 15:01:30.591 2010] 0.001 sec [all/1/rel 0 (0,6)] [*] rohan ni
[Thu Jul 22 15:01:31.535 2010] 0.000 sec [all/1/rel 0 (0,6)] [*] rohan nil
[Thu Jul 22 15:01:32.443 2010] 0.001 sec [all/1/rel 0 (0,6)] [*] rohan nile
[Thu Jul 22 15:01:33.331 2010] 0.000 sec [all/1/rel 1 (0,6)] [*] rohan niley
[Thu Jul 22 15:01:35.924 2010] 0.000 sec [all/1/rel 1 (0,12)] [*] rohan niley
[Thu Jul 22 15:02:14.552 2010] 0.000 sec [all/1/rel 0 (0,3)] [*] h
[Thu Jul 22 15:02:15.704 2010] 0.000 sec [all/1/rel 6 (0,3)] [*] hi
[Thu Jul 22 15:02:19.360 2010] 0.000 sec [all/1/rel 6 (3,3)] [*] hi
[Thu Jul 22 15:02:24.012 2010] 0.000 sec [all/1/rel 6 (0,3)] [*] hi
[Thu Jul 22 15:02:29.679 2010] 0.000 sec [all/1/rel 6 (3,3)] [*] hi
[Thu Jul 22 15:02:33.102 2010] 0.000 sec [all/1/rel 6 (0,3)] [*] hi
[Thu Jul 22 15:02:44.678 2010] 0.000 sec [all/1/rel 6 (3,3)] [*] hi
[Thu Jul 22 15:02:46.903 2010] 0.000 sec [all/1/rel 6 (0,3)] [*] hi
[Thu Jul 22 15:02:50.491 2010] 0.000 sec [all/1/rel 6 (0,3)] [*] hi
[Thu Jul 22 15:02:56.092 2010] 0.000 sec [all/1/rel 6 (3,3)] [*] hi
[Thu Jul 22 15:03:00.302 2010] 0.000 sec [all/1/rel 6 (0,3)] [*] hi
[Thu Jul 22 15:03:23.751 2010] 0.000 sec [all/1/rel 0 (0,3)] [*] h
[Thu Jul 22 15:03:24.900 2010] 0.000 sec [all/1/rel 6 (0,3)] [*] hi
[Thu Jul 22 15:03:29.618 2010] 0.000 sec [all/1/rel 6 (3,3)] [*] hi
[Thu Jul 22 15:03:33.340 2010] 0.000 sec [all/1/rel 6 (0,3)] [*] hi
[Thu Jul 22 15:03:38.289 2010] 0.000 sec [all/1/rel 6 (3,3)] [*] hi
[Thu Jul 22 15:03:41.000 2010] 0.000 sec [all/1/rel 6 (0,3)] [*] hi
[Thu Jul 22 15:06:21.060 2010] 0.015 sec [all/1/ext 0 (0,3)] [*] h
[Thu Jul 22 15:06:22.014 2010] 0.001 sec [all/1/ext 6 (0,3)] [*] hi
[Thu Jul 22 15:09:34.043 2010] 0.000 sec [all/1/ext 6 (3,3)] [*] hi
[Thu Jul 22 15:09:37.863 2010] 0.001 sec [all/1/ext 6 (0,3)] [*] hi
[Thu Jul 22 15:09:42.965 2010] 0.000 sec [all/1/ext 6 (3,3)] [*] hi
[Thu Jul 22 15:11:57.368 2010] 0.000 sec [all/1/ext 6 (0,3)] [*] hi
[Thu Jul 22 15:12:02.221 2010] 0.000 sec [all/1/ext 6 (3,3)] [*] hi
[Thu Jul 22 15:12:05.602 2010] 0.000 sec [all/1/ext 6 (0,3)] [*] hi
[Thu Jul 22 15:12:08.246 2010] 0.000 sec [all/1/ext 6 (0,3)] [*] hi
[Thu Jul 22 15:12:10.753 2010] 0.000 sec [all/1/ext 6 (3,3)] [*] hi
[Fri Jul 30 11:22:32.037 2010] 0.018 sec [all/1/ext 0 (0,3)] [*] t
[Fri Jul 30 11:22:32.479 2010] 0.000 sec [all/1/ext 0 (0,3)] [*] th
[Fri Jul 30 11:22:32.785 2010] 0.000 sec [all/1/ext 0 (0,3)] [*] thi
[Fri Jul 30 11:22:33.106 2010] 0.023 sec [all/1/ext 7 (0,3)] [*] this
[Fri Jul 30 11:22:33.945 2010] 0.000 sec [all/1/ext 0 (0,3)] [*] t
[Fri Jul 30 11:22:36.039 2010] 0.000 sec [all/1/ext 7 (0,3)] [*] this
[Fri Jul 30 11:22:50.955 2010] 0.000 sec [all/1/ext 7 (0,5)] [*] this
[Fri Jul 30 12:56:45.455 2010] 0.000 sec [all/1/ext 0 (0,3)] [*] t
[Fri Jul 30 12:56:45.768 2010] 0.002 sec [all/1/ext 0 (0,3)] [*] th
[Fri Jul 30 12:56:46.166 2010] 0.000 sec [all/1/ext 0 (0,3)] [*] thi
[Fri Jul 30 12:56:46.489 2010] 0.000 sec [all/1/ext 7 (0,3)] [*] this
[Fri Jul 30 12:57:11.704 2010] 0.000 sec [all/1/ext 7 (0,3)] [*] this
[Fri Jul 30 12:57:29.999 2010] 0.000 sec [all/1/ext 7 (0,5)] [*] this
[Fri Jul 30 13:00:46.260 2010] 0.000 sec [all/1/ext 7 (0,5)] [*] this
[Fri Jul 30 13:01:58.772 2010] 0.000 sec [all/1/ext 7 (0,5)] [*] this
[Fri Jul 30 13:04:15.659 2010] 0.000 sec [all/1/ext 0 (0,3)] [*] k
[Fri Jul 30 13:04:15.981 2010] 0.000 sec [all/1/ext 0 (0,3)] [*] ku
[Fri Jul 30 13:04:16.199 2010] 0.000 sec [all/1/ext 0 (0,3)] [*] kum
[Fri Jul 30 13:04:16.568 2010] 0.000 sec [all/1/ext 0 (0,3)] [*] kuma
[Fri Jul 30 13:04:16.919 2010] 0.000 sec [all/1/ext 1 (0,3)] [*] kumar
[Fri Jul 30 13:04:49.169 2010] 0.000 sec [all/1/ext 1 (0,5)] [*] kumar
[Fri Jul 30 13:20:26.755 2010] 0.000 sec [all/1/ext 1 (0,5)] [*] kumar
[Fri Jul 30 13:21:27.767 2010] 0.000 sec [all/1/ext 1 (0,5)] [*] kumar
[Fri Jul 30 14:45:36.206 2010] 0.000 sec [all/1/ext 7 (0,5)] [*] this
[Fri Jul 30 14:45:54.192 2010] 0.000 sec [all/1/ext 7 (0,5)] [*] this
[Fri Jul 30 14:47:52.199 2010] 0.000 sec [all/1/ext 7 (0,5)] [*] this
[Fri Jul 30 14:48:48.609 2010] 0.000 sec [all/1/ext 7 (0,5)] [*] this
[Fri Jul 30 14:50:08.005 2010] 0.000 sec [all/1/ext 7 (0,5)] [*] this
[Fri Jul 30 16:29:18.233 2010] 0.000 sec [all/1/ext 7 (0,5)] [*] this
[Fri Jul 30 16:30:17.028 2010] 0.000 sec [all/1/ext 7 (0,5)] [*] this
[Fri Jul 30 16:30:41.139 2010] 0.000 sec [all/1/ext 7 (0,5)] [*] this
[Fri Jul 30 16:31:36.913 2010] 0.000 sec [all/1/ext 1 (0,5)] [*] kumar
[Fri Jul 30 16:35:53.413 2010] 0.000 sec [all/1/ext 1 (0,5)] [*] kumar
[Fri Jul 30 16:38:56.819 2010] 0.000 sec [all/1/ext 1 (0,5)] [*] kumar
[Fri Jul 30 16:39:36.815 2010] 0.000 sec [all/1/ext 1 (0,5)] [*] kumar
[Fri Jul 30 16:39:49.533 2010] 0.001 sec [all/1/ext 0 (0,5)] [*] h
[Fri Jul 30 16:39:50.070 2010] 0.000 sec [all/1/ext 7 (0,5)] [*] hi
[Fri Jul 30 16:40:02.108 2010] 0.000 sec [all/1/ext 7 (0,5)] [*] hi
[Fri Jul 30 16:41:02.778 2010] 0.000 sec [all/1/ext 7 (0,5)] [*] hi
[Fri Jul 30 16:41:36.932 2010] 0.000 sec [all/1/ext 7 (0,5)] [*] hi
[Fri Jul 30 16:43:24.707 2010] 0.000 sec [all/1/ext 7 (0,5)] [*] hi
[Fri Jul 30 16:44:50.653 2010] 0.000 sec [all/1/ext 7 (0,5)] [*] hi
[Fri Jul 30 16:45:39.004 2010] 0.000 sec [all/1/ext 7 (0,5)] [*] hi
[Fri Jul 30 16:47:16.906 2010] 0.000 sec [all/1/ext 7 (0,5)] [*] hi
[Fri Jul 30 16:48:30.873 2010] 0.000 sec [all/1/ext 7 (0,5)] [*] hi
[Fri Jul 30 16:50:36.864 2010] 0.000 sec [all/1/ext 7 (0,5)] [*] this
[Fri Jul 30 16:51:12.473 2010] 0.000 sec [all/1/ext 7 (0,5)] [*] this
[Fri Jul 30 16:52:12.565 2010] 0.000 sec [all/1/ext 7 (0,5)] [*] this
[Fri Jul 30 16:53:33.035 2010] 0.000 sec [all/1/ext 7 (0,5)] [*] this
[Fri Jul 30 16:54:17.812 2010] 0.000 sec [all/1/ext 7 (0,5)] [*] this
[Fri Jul 30 16:55:46.100 2010] 0.000 sec [all/1/ext 7 (0,5)] [*] this
[Fri Jul 30 16:55:53.253 2010] 0.000 sec [all/1/ext 0 (0,5)] [*] b
[Fri Jul 30 16:55:54.159 2010] 0.000 sec [all/1/ext 0 (0,5)] [*] bi
[Fri Jul 30 16:55:54.883 2010] 0.000 sec [all/1/ext 0 (0,5)] [*] bis
[Fri Jul 30 16:55:55.520 2010] 0.000 sec [all/1/ext 0 (0,5)] [*] bish
[Fri Jul 30 16:55:56.179 2010] 0.000 sec [all/1/ext 0 (0,5)] [*] b
[Fri Jul 30 16:55:56.954 2010] 0.000 sec [all/1/ext 0 (0,5)] [*] bi
[Fri Jul 30 16:55:57.593 2010] 0.000 sec [all/1/ext 1 (0,5)] [*] bisha
[Fri Jul 30 16:56:07.023 2010] 0.000 sec [all/1/ext 1 (0,5)] [*] bisha
[Fri Jul 30 17:00:31.369 2010] 0.000 sec [all/1/ext 7 (0,5)] [*] hi
[Fri Jul 30 17:02:05.234 2010] 0.000 sec [all/1/ext 7 (0,5)] [*] hi
[Fri Jul 30 17:02:39.997 2010] 0.000 sec [all/1/ext 7 (0,5)] [*] hi
[Fri Jul 30 17:02:53.895 2010] 0.000 sec [all/1/ext 1 (0,5)] [*] bisha
[Fri Jul 30 17:05:16.190 2010] 0.000 sec [all/1/ext 1 (0,5)] [*] bisha
[Fri Jul 30 17:28:36.256 2010] 0.011 sec [all/1/ext 0 (0,3)] [*] k
[Fri Jul 30 17:28:36.811 2010] 0.000 sec [all/1/ext 0 (0,3)] [*] ku
[Fri Jul 30 17:28:37.068 2010] 0.000 sec [all/1/ext 0 (0,3)] [*] kum
[Fri Jul 30 17:28:37.311 2010] 0.000 sec [all/1/ext 0 (0,3)] [*] kuma
[Fri Jul 30 17:28:37.606 2010] 0.017 sec [all/1/ext 1 (0,3)] [*] kumar
[Fri Jul 30 17:28:59.806 2010] 0.000 sec [all/1/ext 1 (0,5)] [*] kumar
[Fri Jul 30 17:30:09.647 2010] 0.000 sec [all/1/ext 1 (0,5)] [*] kumar
[Fri Jul 30 17:31:02.911 2010] 0.000 sec [all/1/ext 1 (0,5)] [*] kumar
[Fri Jul 30 17:33:50.877 2010] 0.000 sec [all/1/ext 1 (0,5)] [*] kumar
[Fri Jul 30 17:34:58.785 2010] 0.000 sec [all/1/ext 1 (0,5)] [*] kumar
[Fri Jul 30 17:36:16.944 2010] 0.000 sec [all/1/ext 1 (0,5)] [*] kumar
